{"/Users/art-temiy/Documents/Projects/aregrp/frontend/src/App.tsx": {"path":"/Users/art-temiy/Documents/Projects/aregrp/frontend/src/App.tsx","statementMap":{"0":{"start":{"line":7,"column":26},"end":{"line":7,"column":null}},"1":{"start":{"line":8,"column":20},"end":{"line":8,"column":null}},"2":{"start":{"line":10,"column":27},"end":{"line":12,"column":null}},"3":{"start":{"line":11,"column":8},"end":{"line":11,"column":null}},"4":{"start":{"line":14,"column":4},"end":{"line":38,"column":null}},"5":{"start":{"line":25,"column":39},"end":{"line":25,"column":61}},"6":{"start":{"line":28,"column":39},"end":{"line":28,"column":61}},"7":{"start":{"line":32,"column":39},"end":{"line":32,"column":null}},"8":{"start":{"line":32,"column":57},"end":{"line":32,"column":66}}},"fnMap":{"0":{"name":"App","decl":{"start":{"line":6,"column":9},"end":{"line":6,"column":15}},"loc":{"start":{"line":6,"column":15},"end":{"line":40,"column":null}},"line":6},"1":{"name":"(anonymous_1)","decl":{"start":{"line":10,"column":27},"end":{"line":10,"column":28}},"loc":{"start":{"line":10,"column":44},"end":{"line":12,"column":null}},"line":10},"2":{"name":"(anonymous_2)","decl":{"start":{"line":25,"column":33},"end":{"line":25,"column":39}},"loc":{"start":{"line":25,"column":39},"end":{"line":25,"column":61}},"line":25},"3":{"name":"(anonymous_3)","decl":{"start":{"line":28,"column":33},"end":{"line":28,"column":39}},"loc":{"start":{"line":28,"column":39},"end":{"line":28,"column":61}},"line":28},"4":{"name":"(anonymous_4)","decl":{"start":{"line":32,"column":33},"end":{"line":32,"column":39}},"loc":{"start":{"line":32,"column":39},"end":{"line":32,"column":null}},"line":32},"5":{"name":"(anonymous_5)","decl":{"start":{"line":32,"column":48},"end":{"line":32,"column":57}},"loc":{"start":{"line":32,"column":57},"end":{"line":32,"column":66}},"line":32}},"branchMap":{},"s":{"0":2,"1":2,"2":2,"3":0,"4":2,"5":0,"6":0,"7":0,"8":0},"f":{"0":2,"1":0,"2":0,"3":0,"4":0,"5":0},"b":{},"meta":{"lastBranch":0,"lastFunction":6,"lastStatement":9,"seen":{"f:6:9:6:15":0,"s:7:26:7:Infinity":0,"s:8:20:8:Infinity":1,"s:10:27:12:Infinity":2,"f:10:27:10:28":1,"s:11:8:11:Infinity":3,"s:14:4:38:Infinity":4,"f:25:33:25:39":2,"s:25:39:25:61":5,"f:28:33:28:39":3,"s:28:39:28:61":6,"f:32:33:32:39":4,"s:32:39:32:Infinity":7,"f:32:48:32:57":5,"s:32:57:32:66":8}}}
,"/Users/art-temiy/Documents/Projects/aregrp/frontend/src/assets/react.svg": {"path":"/Users/art-temiy/Documents/Projects/aregrp/frontend/src/assets/react.svg","statementMap":{},"fnMap":{},"branchMap":{},"s":{},"f":{},"b":{},"meta":{"lastBranch":0,"lastFunction":0,"lastStatement":0,"seen":{}}}
,"/Users/art-temiy/Documents/Projects/aregrp/frontend/src/i18n/config.ts": {"path":"/Users/art-temiy/Documents/Projects/aregrp/frontend/src/i18n/config.ts","statementMap":{"0":{"start":{"line":8,"column":18},"end":{"line":15,"column":null}},"1":{"start":{"line":17,"column":0},"end":{"line":30,"column":null}}},"fnMap":{},"branchMap":{},"s":{"0":1,"1":1},"f":{},"b":{},"meta":{"lastBranch":0,"lastFunction":0,"lastStatement":2,"seen":{"s:8:18:15:Infinity":0,"s:17:0:30:Infinity":1}}}
,"/Users/art-temiy/Documents/Projects/aregrp/frontend/src/locales/en/translation.json": {"path":"/Users/art-temiy/Documents/Projects/aregrp/frontend/src/locales/en/translation.json","statementMap":{},"fnMap":{},"branchMap":{},"s":{},"f":{},"b":{},"meta":{"lastBranch":0,"lastFunction":0,"lastStatement":0,"seen":{}}}
,"/Users/art-temiy/Documents/Projects/aregrp/frontend/src/locales/ru/translation.json": {"path":"/Users/art-temiy/Documents/Projects/aregrp/frontend/src/locales/ru/translation.json","statementMap":{},"fnMap":{},"branchMap":{},"s":{},"f":{},"b":{},"meta":{"lastBranch":0,"lastFunction":0,"lastStatement":0,"seen":{}}}
}
